<?xml version="1.0" encoding="UTF-8"?>
<coverage generated="1677948821876" clover="3.2.0">
  <project timestamp="1677948821877" name="All files">
    <metrics statements="40" coveredstatements="40" conditionals="15" coveredconditionals="14" methods="11" coveredmethods="11" elements="66" coveredelements="65" complexity="0" loc="40" ncloc="40" packages="1" files="1" classes="1"/>
    <file name="gilded_rose.js" path="D:\Documents\YNOV\TEST UNITAIRE\GildedRose-Refactoring-Kata-main\GildedRose-Refactoring-Kata-main\js-jest\gildedrise-git\gilded_rise\src\gilded_rose.js">
      <metrics statements="40" coveredstatements="40" conditionals="15" coveredconditionals="14" methods="11" coveredmethods="11"/>
      <line num="10" count="13" type="stmt"/>
      <line num="11" count="13" type="stmt"/>
      <line num="12" count="13" type="stmt"/>
      <line num="22" count="2" type="stmt"/>
      <line num="23" count="2" type="stmt"/>
      <line num="27" count="5" type="stmt"/>
      <line num="28" count="5" type="cond" truecount="2" falsecount="0"/>
      <line num="29" count="4" type="cond" truecount="2" falsecount="0"/>
      <line num="30" count="3" type="stmt"/>
      <line num="31" count="3" type="cond" truecount="2" falsecount="0"/>
      <line num="32" count="1" type="stmt"/>
      <line num="35" count="1" type="stmt"/>
      <line num="39" count="1" type="stmt"/>
      <line num="52" count="2" type="stmt"/>
      <line num="53" count="2" type="stmt"/>
      <line num="54" count="2" type="stmt"/>
      <line num="55" count="2" type="cond" truecount="2" falsecount="0"/>
      <line num="56" count="1" type="stmt"/>
      <line num="63" count="2" type="stmt"/>
      <line num="66" count="2" type="stmt"/>
      <line num="67" count="2" type="stmt"/>
      <line num="79" count="4" type="stmt"/>
      <line num="80" count="4" type="stmt"/>
      <line num="82" count="4" type="stmt"/>
      <line num="83" count="4" type="stmt"/>
      <line num="84" count="4" type="stmt"/>
      <line num="86" count="4" type="cond" truecount="2" falsecount="0"/>
      <line num="87" count="1" type="stmt"/>
      <line num="89" count="3" type="cond" truecount="2" falsecount="0"/>
      <line num="90" count="1" type="stmt"/>
      <line num="92" count="2" type="cond" truecount="2" falsecount="0"/>
      <line num="93" count="1" type="stmt"/>
      <line num="96" count="1" type="stmt"/>
      <line num="103" count="3" type="stmt"/>
      <line num="104" count="3" type="stmt"/>
      <line num="111" count="13" type="stmt"/>
      <line num="114" count="13" type="stmt"/>
      <line num="115" count="13" type="stmt"/>
      <line num="118" count="13" type="stmt"/>
      <line num="122" count="1" type="stmt"/>
    </file>
  </project>
</coverage>
