{"D:\\Documents\\YNOV\\TEST UNITAIRE\\GildedRose-Refactoring-Kata-main\\GildedRose-Refactoring-Kata-main\\js-jest\\gildedrise-git\\gilded_rise\\src\\gilded_rose.js": {"path":"D:\\Documents\\YNOV\\TEST UNITAIRE\\GildedRose-Refactoring-Kata-main\\GildedRose-Refactoring-Kata-main\\js-jest\\gildedrise-git\\gilded_rise\\src\\gilded_rose.js","statementMap":{"0":{"start":{"line":10,"column":4},"end":{"line":10,"column":21}},"1":{"start":{"line":11,"column":4},"end":{"line":11,"column":25}},"2":{"start":{"line":12,"column":4},"end":{"line":12,"column":27}},"3":{"start":{"line":22,"column":4},"end":{"line":22,"column":17}},"4":{"start":{"line":23,"column":4},"end":{"line":23,"column":27}},"5":{"start":{"line":27,"column":23},"end":{"line":27,"column":24}},"6":{"start":{"line":28,"column":4},"end":{"line":41,"column":5}},"7":{"start":{"line":30,"column":6},"end":{"line":40,"column":7}},"8":{"start":{"line":32,"column":8},"end":{"line":32,"column":45}},"9":{"start":{"line":33,"column":8},"end":{"line":36,"column":9}},"10":{"start":{"line":35,"column":10},"end":{"line":35,"column":27}},"11":{"start":{"line":38,"column":8},"end":{"line":38,"column":44}},"12":{"start":{"line":39,"column":8},"end":{"line":39,"column":40}},"13":{"start":{"line":53,"column":4},"end":{"line":53,"column":28}},"14":{"start":{"line":54,"column":23},"end":{"line":54,"column":25}},"15":{"start":{"line":55,"column":4},"end":{"line":55,"column":17}},"16":{"start":{"line":56,"column":4},"end":{"line":58,"column":5}},"17":{"start":{"line":57,"column":6},"end":{"line":57,"column":20}},"18":{"start":{"line":64,"column":4},"end":{"line":64,"column":48}},"19":{"start":{"line":67,"column":4},"end":{"line":67,"column":32}},"20":{"start":{"line":68,"column":4},"end":{"line":68,"column":30}},"21":{"start":{"line":80,"column":4},"end":{"line":80,"column":60}},"22":{"start":{"line":81,"column":4},"end":{"line":81,"column":17}},"23":{"start":{"line":83,"column":16},"end":{"line":83,"column":18}},"24":{"start":{"line":84,"column":17},"end":{"line":84,"column":18}},"25":{"start":{"line":85,"column":23},"end":{"line":85,"column":24}},"26":{"start":{"line":87,"column":4},"end":{"line":98,"column":5}},"27":{"start":{"line":88,"column":6},"end":{"line":88,"column":22}},"28":{"start":{"line":90,"column":9},"end":{"line":98,"column":5}},"29":{"start":{"line":91,"column":6},"end":{"line":91,"column":37}},"30":{"start":{"line":93,"column":9},"end":{"line":98,"column":5}},"31":{"start":{"line":94,"column":6},"end":{"line":94,"column":37}},"32":{"start":{"line":97,"column":6},"end":{"line":97,"column":37}},"33":{"start":{"line":104,"column":4},"end":{"line":104,"column":17}},"34":{"start":{"line":105,"column":4},"end":{"line":105,"column":27}},"35":{"start":{"line":112,"column":4},"end":{"line":112,"column":23}},"36":{"start":{"line":115,"column":4},"end":{"line":117,"column":6}},"37":{"start":{"line":116,"column":6},"end":{"line":116,"column":26}},"38":{"start":{"line":119,"column":4},"end":{"line":119,"column":22}},"39":{"start":{"line":123,"column":0},"end":{"line":130,"column":1}}},"fnMap":{"0":{"name":"(anonymous_0)","decl":{"start":{"line":9,"column":2},"end":{"line":9,"column":3}},"loc":{"start":{"line":9,"column":37},"end":{"line":13,"column":3}},"line":9},"1":{"name":"(anonymous_1)","decl":{"start":{"line":21,"column":2},"end":{"line":21,"column":3}},"loc":{"start":{"line":21,"column":18},"end":{"line":24,"column":3}},"line":21},"2":{"name":"(anonymous_2)","decl":{"start":{"line":26,"column":2},"end":{"line":26,"column":3}},"loc":{"start":{"line":26,"column":26},"end":{"line":44,"column":3}},"line":26},"3":{"name":"(anonymous_3)","decl":{"start":{"line":52,"column":2},"end":{"line":52,"column":3}},"loc":{"start":{"line":52,"column":18},"end":{"line":59,"column":3}},"line":52},"4":{"name":"(anonymous_4)","decl":{"start":{"line":63,"column":2},"end":{"line":63,"column":3}},"loc":{"start":{"line":63,"column":37},"end":{"line":65,"column":3}},"line":63},"5":{"name":"(anonymous_5)","decl":{"start":{"line":66,"column":2},"end":{"line":66,"column":3}},"loc":{"start":{"line":66,"column":18},"end":{"line":70,"column":3}},"line":66},"6":{"name":"(anonymous_6)","decl":{"start":{"line":79,"column":2},"end":{"line":79,"column":3}},"loc":{"start":{"line":79,"column":18},"end":{"line":99,"column":3}},"line":79},"7":{"name":"(anonymous_7)","decl":{"start":{"line":103,"column":2},"end":{"line":103,"column":3}},"loc":{"start":{"line":103,"column":18},"end":{"line":106,"column":3}},"line":103},"8":{"name":"(anonymous_8)","decl":{"start":{"line":111,"column":2},"end":{"line":111,"column":3}},"loc":{"start":{"line":111,"column":26},"end":{"line":113,"column":3}},"line":111},"9":{"name":"(anonymous_9)","decl":{"start":{"line":114,"column":2},"end":{"line":114,"column":3}},"loc":{"start":{"line":114,"column":18},"end":{"line":120,"column":3}},"line":114},"10":{"name":"(anonymous_10)","decl":{"start":{"line":115,"column":19},"end":{"line":115,"column":20}},"loc":{"start":{"line":115,"column":27},"end":{"line":117,"column":5}},"line":115}},"branchMap":{"0":{"loc":{"start":{"line":28,"column":4},"end":{"line":41,"column":5}},"type":"if","locations":[{"start":{"line":28,"column":4},"end":{"line":41,"column":5}},{"start":{"line":28,"column":4},"end":{"line":41,"column":5}}],"line":28},"1":{"loc":{"start":{"line":30,"column":6},"end":{"line":40,"column":7}},"type":"if","locations":[{"start":{"line":30,"column":6},"end":{"line":40,"column":7}},{"start":{"line":30,"column":6},"end":{"line":40,"column":7}}],"line":30},"2":{"loc":{"start":{"line":33,"column":8},"end":{"line":36,"column":9}},"type":"if","locations":[{"start":{"line":33,"column":8},"end":{"line":36,"column":9}},{"start":{"line":33,"column":8},"end":{"line":36,"column":9}}],"line":33},"3":{"loc":{"start":{"line":56,"column":4},"end":{"line":58,"column":5}},"type":"if","locations":[{"start":{"line":56,"column":4},"end":{"line":58,"column":5}},{"start":{"line":56,"column":4},"end":{"line":58,"column":5}}],"line":56},"4":{"loc":{"start":{"line":87,"column":4},"end":{"line":98,"column":5}},"type":"if","locations":[{"start":{"line":87,"column":4},"end":{"line":98,"column":5}},{"start":{"line":87,"column":4},"end":{"line":98,"column":5}}],"line":87},"5":{"loc":{"start":{"line":90,"column":9},"end":{"line":98,"column":5}},"type":"if","locations":[{"start":{"line":90,"column":9},"end":{"line":98,"column":5}},{"start":{"line":90,"column":9},"end":{"line":98,"column":5}}],"line":90},"6":{"loc":{"start":{"line":93,"column":9},"end":{"line":98,"column":5}},"type":"if","locations":[{"start":{"line":93,"column":9},"end":{"line":98,"column":5}},{"start":{"line":93,"column":9},"end":{"line":98,"column":5}}],"line":93},"7":{"loc":{"start":{"line":111,"column":14},"end":{"line":111,"column":24}},"type":"default-arg","locations":[{"start":{"line":111,"column":22},"end":{"line":111,"column":24}}],"line":111}},"s":{"0":13,"1":13,"2":13,"3":2,"4":2,"5":5,"6":5,"7":4,"8":3,"9":3,"10":1,"11":1,"12":1,"13":2,"14":2,"15":2,"16":2,"17":1,"18":2,"19":2,"20":2,"21":4,"22":4,"23":4,"24":4,"25":4,"26":4,"27":1,"28":3,"29":1,"30":2,"31":1,"32":1,"33":3,"34":3,"35":13,"36":13,"37":13,"38":13,"39":1},"f":{"0":13,"1":2,"2":5,"3":2,"4":2,"5":2,"6":4,"7":3,"8":13,"9":13,"10":13},"b":{"0":[4,1],"1":[3,1],"2":[1,2],"3":[1,1],"4":[1,3],"5":[1,2],"6":[1,1],"7":[0]},"_coverageSchema":"43e27e138ebf9cfc5966b082cf9a028302ed4184","hash":"f53406b59f1daf33cbb8190acd5c6715b8193d2b"}
}
