{"D:\\Documents\\YNOV\\TEST UNITAIRE\\GildedRose-Refactoring-Kata-main\\GildedRose-Refactoring-Kata-main\\js-jest\\gildedrise-git\\gilded_rise\\src\\gilded_rose.js": {"path":"D:\\Documents\\YNOV\\TEST UNITAIRE\\GildedRose-Refactoring-Kata-main\\GildedRose-Refactoring-Kata-main\\js-jest\\gildedrise-git\\gilded_rise\\src\\gilded_rose.js","statementMap":{"0":{"start":{"line":3,"column":4},"end":{"line":3,"column":21}},"1":{"start":{"line":4,"column":4},"end":{"line":4,"column":25}},"2":{"start":{"line":5,"column":4},"end":{"line":5,"column":27}},"3":{"start":{"line":9,"column":4},"end":{"line":9,"column":17}},"4":{"start":{"line":10,"column":4},"end":{"line":10,"column":27}},"5":{"start":{"line":14,"column":23},"end":{"line":14,"column":24}},"6":{"start":{"line":15,"column":4},"end":{"line":28,"column":5}},"7":{"start":{"line":17,"column":23},"end":{"line":17,"column":24}},"8":{"start":{"line":18,"column":6},"end":{"line":27,"column":7}},"9":{"start":{"line":19,"column":8},"end":{"line":19,"column":32}},"10":{"start":{"line":20,"column":8},"end":{"line":20,"column":72}},"11":{"start":{"line":21,"column":8},"end":{"line":23,"column":9}},"12":{"start":{"line":22,"column":10},"end":{"line":22,"column":26}},"13":{"start":{"line":26,"column":8},"end":{"line":26,"column":66}},"14":{"start":{"line":34,"column":4},"end":{"line":34,"column":17}},"15":{"start":{"line":36,"column":23},"end":{"line":36,"column":25}},"16":{"start":{"line":37,"column":4},"end":{"line":39,"column":5}},"17":{"start":{"line":38,"column":6},"end":{"line":38,"column":20}},"18":{"start":{"line":45,"column":4},"end":{"line":45,"column":27}},"19":{"start":{"line":53,"column":4},"end":{"line":53,"column":17}},"20":{"start":{"line":55,"column":20},"end":{"line":55,"column":22}},"21":{"start":{"line":56,"column":21},"end":{"line":56,"column":22}},"22":{"start":{"line":57,"column":25},"end":{"line":57,"column":26}},"23":{"start":{"line":59,"column":4},"end":{"line":67,"column":5}},"24":{"start":{"line":60,"column":6},"end":{"line":60,"column":22}},"25":{"start":{"line":62,"column":9},"end":{"line":67,"column":5}},"26":{"start":{"line":63,"column":6},"end":{"line":63,"column":37}},"27":{"start":{"line":65,"column":9},"end":{"line":67,"column":5}},"28":{"start":{"line":66,"column":6},"end":{"line":66,"column":37}},"29":{"start":{"line":73,"column":4},"end":{"line":73,"column":17}},"30":{"start":{"line":74,"column":4},"end":{"line":74,"column":27}},"31":{"start":{"line":82,"column":6},"end":{"line":82,"column":25}},"32":{"start":{"line":85,"column":6},"end":{"line":87,"column":8}},"33":{"start":{"line":86,"column":8},"end":{"line":86,"column":28}},"34":{"start":{"line":89,"column":6},"end":{"line":89,"column":24}},"35":{"start":{"line":96,"column":0},"end":{"line":99,"column":1}}},"fnMap":{"0":{"name":"(anonymous_0)","decl":{"start":{"line":2,"column":2},"end":{"line":2,"column":3}},"loc":{"start":{"line":2,"column":36},"end":{"line":6,"column":3}},"line":2},"1":{"name":"(anonymous_1)","decl":{"start":{"line":8,"column":2},"end":{"line":8,"column":3}},"loc":{"start":{"line":8,"column":18},"end":{"line":11,"column":3}},"line":8},"2":{"name":"(anonymous_2)","decl":{"start":{"line":13,"column":2},"end":{"line":13,"column":3}},"loc":{"start":{"line":13,"column":30},"end":{"line":29,"column":3}},"line":13},"3":{"name":"(anonymous_3)","decl":{"start":{"line":33,"column":2},"end":{"line":33,"column":3}},"loc":{"start":{"line":33,"column":17},"end":{"line":40,"column":3}},"line":33},"4":{"name":"(anonymous_4)","decl":{"start":{"line":44,"column":2},"end":{"line":44,"column":3}},"loc":{"start":{"line":44,"column":36},"end":{"line":46,"column":3}},"line":44},"5":{"name":"(anonymous_5)","decl":{"start":{"line":48,"column":2},"end":{"line":48,"column":3}},"loc":{"start":{"line":48,"column":17},"end":{"line":48,"column":19}},"line":48},"6":{"name":"(anonymous_6)","decl":{"start":{"line":52,"column":2},"end":{"line":52,"column":3}},"loc":{"start":{"line":52,"column":17},"end":{"line":68,"column":3}},"line":52},"7":{"name":"(anonymous_7)","decl":{"start":{"line":72,"column":2},"end":{"line":72,"column":3}},"loc":{"start":{"line":72,"column":18},"end":{"line":75,"column":3}},"line":72},"8":{"name":"(anonymous_8)","decl":{"start":{"line":81,"column":4},"end":{"line":81,"column":5}},"loc":{"start":{"line":81,"column":25},"end":{"line":83,"column":5}},"line":81},"9":{"name":"(anonymous_9)","decl":{"start":{"line":84,"column":4},"end":{"line":84,"column":5}},"loc":{"start":{"line":84,"column":20},"end":{"line":90,"column":5}},"line":84},"10":{"name":"(anonymous_10)","decl":{"start":{"line":85,"column":21},"end":{"line":85,"column":22}},"loc":{"start":{"line":85,"column":29},"end":{"line":87,"column":7}},"line":85}},"branchMap":{"0":{"loc":{"start":{"line":13,"column":18},"end":{"line":13,"column":28}},"type":"default-arg","locations":[{"start":{"line":13,"column":27},"end":{"line":13,"column":28}}],"line":13},"1":{"loc":{"start":{"line":15,"column":4},"end":{"line":28,"column":5}},"type":"if","locations":[{"start":{"line":15,"column":4},"end":{"line":28,"column":5}},{"start":{"line":15,"column":4},"end":{"line":28,"column":5}}],"line":15},"2":{"loc":{"start":{"line":18,"column":6},"end":{"line":27,"column":7}},"type":"if","locations":[{"start":{"line":18,"column":6},"end":{"line":27,"column":7}},{"start":{"line":18,"column":6},"end":{"line":27,"column":7}}],"line":18},"3":{"loc":{"start":{"line":21,"column":8},"end":{"line":23,"column":9}},"type":"if","locations":[{"start":{"line":21,"column":8},"end":{"line":23,"column":9}},{"start":{"line":21,"column":8},"end":{"line":23,"column":9}}],"line":21},"4":{"loc":{"start":{"line":37,"column":4},"end":{"line":39,"column":5}},"type":"if","locations":[{"start":{"line":37,"column":4},"end":{"line":39,"column":5}},{"start":{"line":37,"column":4},"end":{"line":39,"column":5}}],"line":37},"5":{"loc":{"start":{"line":59,"column":4},"end":{"line":67,"column":5}},"type":"if","locations":[{"start":{"line":59,"column":4},"end":{"line":67,"column":5}},{"start":{"line":59,"column":4},"end":{"line":67,"column":5}}],"line":59},"6":{"loc":{"start":{"line":62,"column":9},"end":{"line":67,"column":5}},"type":"if","locations":[{"start":{"line":62,"column":9},"end":{"line":67,"column":5}},{"start":{"line":62,"column":9},"end":{"line":67,"column":5}}],"line":62},"7":{"loc":{"start":{"line":65,"column":9},"end":{"line":67,"column":5}},"type":"if","locations":[{"start":{"line":65,"column":9},"end":{"line":67,"column":5}},{"start":{"line":65,"column":9},"end":{"line":67,"column":5}}],"line":65},"8":{"loc":{"start":{"line":81,"column":16},"end":{"line":81,"column":24}},"type":"default-arg","locations":[{"start":{"line":81,"column":22},"end":{"line":81,"column":24}}],"line":81}},"s":{"0":5,"1":5,"2":5,"3":4,"4":4,"5":4,"6":4,"7":2,"8":2,"9":1,"10":1,"11":0,"12":0,"13":1,"14":0,"15":0,"16":0,"17":0,"18":0,"19":0,"20":0,"21":0,"22":0,"23":0,"24":0,"25":0,"26":0,"27":0,"28":0,"29":0,"30":0,"31":4,"32":4,"33":4,"34":2,"35":1},"f":{"0":5,"1":4,"2":4,"3":0,"4":0,"5":0,"6":0,"7":0,"8":4,"9":4,"10":4},"b":{"0":[0],"1":[2,2],"2":[1,1],"3":[0,0],"4":[0,0],"5":[0,0],"6":[0,0],"7":[0,0],"8":[0]},"_coverageSchema":"43e27e138ebf9cfc5966b082cf9a028302ed4184","hash":"89883e69e2348c3b9cf91d0d85bcd44c935d45be"}
}
