TN:
SF:D:\Documents\YNOV\TEST UNITAIRE\GildedRose-Refactoring-Kata-main\GildedRose-Refactoring-Kata-main\js-jest\gildedrise-git\gilded_rise\src\gilded_rose.js
FN:9,(anonymous_0)
FN:21,(anonymous_1)
FN:26,(anonymous_2)
FN:52,(anonymous_3)
FN:63,(anonymous_4)
FN:66,(anonymous_5)
FN:79,(anonymous_6)
FN:103,(anonymous_7)
FN:111,(anonymous_8)
FN:114,(anonymous_9)
FN:115,(anonymous_10)
FNF:11
FNH:11
FNDA:13,(anonymous_0)
FNDA:2,(anonymous_1)
FNDA:5,(anonymous_2)
FNDA:2,(anonymous_3)
FNDA:2,(anonymous_4)
FNDA:2,(anonymous_5)
FNDA:4,(anonymous_6)
FNDA:3,(anonymous_7)
FNDA:13,(anonymous_8)
FNDA:13,(anonymous_9)
FNDA:13,(anonymous_10)
DA:10,13
DA:11,13
DA:12,13
DA:22,2
DA:23,2
DA:27,5
DA:28,5
DA:30,4
DA:32,3
DA:33,3
DA:35,1
DA:38,1
DA:39,1
DA:53,2
DA:54,2
DA:55,2
DA:56,2
DA:57,1
DA:64,2
DA:67,2
DA:68,2
DA:80,4
DA:81,4
DA:83,4
DA:84,4
DA:85,4
DA:87,4
DA:88,1
DA:90,3
DA:91,1
DA:93,2
DA:94,1
DA:97,1
DA:104,3
DA:105,3
DA:112,13
DA:115,13
DA:116,13
DA:119,13
DA:123,1
LF:40
LH:40
BRDA:28,0,0,4
BRDA:28,0,1,1
BRDA:30,1,0,3
BRDA:30,1,1,1
BRDA:33,2,0,1
BRDA:33,2,1,2
BRDA:56,3,0,1
BRDA:56,3,1,1
BRDA:87,4,0,1
BRDA:87,4,1,3
BRDA:90,5,0,1
BRDA:90,5,1,2
BRDA:93,6,0,1
BRDA:93,6,1,1
BRDA:111,7,0,0
BRF:15
BRH:14
end_of_record
