TN:
SF:D:\Documents\YNOV\TEST UNITAIRE\GildedRose-Refactoring-Kata-main\GildedRose-Refactoring-Kata-main\js-jest\gildedrise-git\gilded_rise\src\gilded_rose.js
FN:2,(anonymous_0)
FN:8,(anonymous_1)
FN:13,(anonymous_2)
FN:33,(anonymous_3)
FN:44,(anonymous_4)
FN:48,(anonymous_5)
FN:52,(anonymous_6)
FN:72,(anonymous_7)
FN:81,(anonymous_8)
FN:84,(anonymous_9)
FN:85,(anonymous_10)
FNF:11
FNH:6
FNDA:5,(anonymous_0)
FNDA:4,(anonymous_1)
FNDA:4,(anonymous_2)
FNDA:0,(anonymous_3)
FNDA:0,(anonymous_4)
FNDA:0,(anonymous_5)
FNDA:0,(anonymous_6)
FNDA:0,(anonymous_7)
FNDA:4,(anonymous_8)
FNDA:4,(anonymous_9)
FNDA:4,(anonymous_10)
DA:3,5
DA:4,5
DA:5,5
DA:9,4
DA:10,4
DA:14,4
DA:15,4
DA:17,2
DA:18,2
DA:19,1
DA:20,1
DA:21,0
DA:22,0
DA:26,1
DA:34,0
DA:36,0
DA:37,0
DA:38,0
DA:45,0
DA:53,0
DA:55,0
DA:56,0
DA:57,0
DA:59,0
DA:60,0
DA:62,0
DA:63,0
DA:65,0
DA:66,0
DA:73,0
DA:74,0
DA:82,4
DA:85,4
DA:86,4
DA:89,2
DA:96,1
LF:36
LH:17
BRDA:13,0,0,0
BRDA:15,1,0,2
BRDA:15,1,1,2
BRDA:18,2,0,1
BRDA:18,2,1,1
BRDA:21,3,0,0
BRDA:21,3,1,0
BRDA:37,4,0,0
BRDA:37,4,1,0
BRDA:59,5,0,0
BRDA:59,5,1,0
BRDA:62,6,0,0
BRDA:62,6,1,0
BRDA:65,7,0,0
BRDA:65,7,1,0
BRDA:81,8,0,0
BRF:16
BRH:4
end_of_record
